[0623/130535:ERROR:process_info.cc(608)] range at 0xfffde000, size 0x230 fully unreadable
[0623/130535:ERROR:process_reader_win.cc(232)] ReadMemory at 0xdc4c38 of 72 bytes failed: Only part of a ReadProcessMemory or WriteProcessMemory request was completed. (0x12B)
[0623/130535:ERROR:process_reader_win.cc(232)] ReadMemory at 0xd85638 of 72 bytes failed: Only part of a ReadProcessMemory or WriteProcessMemory request was completed. (0x12B)
[0623/130535:ERROR:process_reader_win.cc(232)] ReadMemory at 0xd856b8 of 72 bytes failed: Only part of a ReadProcessMemory or WriteProcessMemory request was completed. (0x12B)
[0623/130535:ERROR:process_reader_win.cc(232)] ReadMemory at 0xd81b30 of 784 bytes failed: Only part of a ReadProcessMemory or WriteProcessMemory request was completed. (0x12B)
[0623/130535:ERROR:process_snapshot_win.cc(380)] ReadMemory RTL_USER_PROCESS_PARAMETERS
[0623/130535:ERROR:process_reader_win.cc(232)] ReadMemory at 0xf000000 of 64 bytes failed: Only part of a ReadProcessMemory or WriteProcessMemory request was completed. (0x12B)
[0623/130535:WARNING:pe_image_reader.cc(280)] could not read dos header from C:\Program Files (x86)\NVIDIA Corporation\CoProcManager\detoured.dll
[0623/130535:ERROR:process_reader_win.cc(232)] ReadMemory at 0xf8b0000 of 64 bytes failed: Only part of a ReadProcessMemory or WriteProcessMemory request was completed. (0x12B)
[0623/130535:WARNING:pe_image_reader.cc(280)] could not read dos header from C:\Program Files (x86)\Google\Chrome\Application\51.0.2704.103\chrome_child.dll
[0623/130535:ERROR:process_reader_win.cc(232)] ReadMemory at 0xf000000 of 64 bytes failed: Only part of a ReadProcessMemory or WriteProcessMemory request was completed. (0x12B)
[0623/130535:WARNING:pe_image_reader.cc(280)] could not read dos header from C:\Program Files (x86)\NVIDIA Corporation\CoProcManager\detoured.dll
[0623/130535:ERROR:process_reader_win.cc(232)] ReadMemory at 0x75310000 of 64 bytes failed: Only part of a ReadProcessMemory or WriteProcessMemory request was completed. (0x12B)
[0623/130535:WARNING:pe_image_reader.cc(280)] could not read dos header from C:\windows\syswow64\CFGMGR32.dll
[0623/130535:ERROR:process_reader_win.cc(232)] ReadMemory at 0x74e70000 of 64 bytes failed: Only part of a ReadProcessMemory or WriteProcessMemory request was completed. (0x12B)
[0623/130535:WARNING:pe_image_reader.cc(280)] could not read dos header from C:\windows\syswow64\SETUPAPI.dll
[0623/130535:ERROR:process_reader_win.cc(232)] ReadMemory at 0x6e4a0000 of 64 bytes failed: Only part of a ReadProcessMemory or WriteProcessMemory request was completed. (0x12B)
[0623/130535:WARNING:pe_image_reader.cc(280)] could not read dos header from C:\Program Files (x86)\NVIDIA Corporation\CoProcManager\nvd3d9wrap.dll
[0623/130535:ERROR:process_reader_win.cc(232)] ReadMemory at 0x6e5f0000 of 64 bytes failed: Only part of a ReadProcessMemory or WriteProcessMemory request was completed. (0x12B)
[0623/130535:WARNING:pe_image_reader.cc(280)] could not read dos header from C:\Program Files (x86)\NVIDIA Corporation\CoProcManager\nvdxgiwrap.dll
[0623/130535:ERROR:process_reader_win.cc(232)] ReadMemory at 0x74d20000 of 64 bytes failed: Only part of a ReadProcessMemory or WriteProcessMemory request was completed. (0x12B)
[0623/130535:WARNING:pe_image_reader.cc(280)] could not read dos header from C:\windows\syswow64\SHLWAPI.dll
[0623/130535:ERROR:process_reader_win.cc(232)] ReadMemory at 0x74a30000 of 64 bytes failed: Only part of a ReadProcessMemory or WriteProcessMemory request was completed. (0x12B)
[0623/130535:WARNING:pe_image_reader.cc(280)] could not read dos header from C:\windows\system32\WINSPOOL.DRV
[0623/130535:ERROR:process_reader_win.cc(232)] ReadMemory at 0x712d0000 of 64 bytes failed: Only part of a ReadProcessMemory or WriteProcessMemory request was completed. (0x12B)
[0623/130535:WARNING:pe_image_reader.cc(280)] could not read dos header from C:\windows\WinSxS\x86_microsoft.windows.common-controls_6595b64144ccf1df_6.0.7601.18837_none_41e855142bd5705d\COMCTL32.dll
[0623/130535:ERROR:process_reader_win.cc(232)] ReadMemory at 0x740b0000 of 64 bytes failed: Only part of a ReadProcessMemory or WriteProcessMemory request was completed. (0x12B)
[0623/130535:WARNING:pe_image_reader.cc(280)] could not read dos header from C:\windows\system32\WINNSI.DLL
[0623/130535:ERROR:process_reader_win.cc(232)] ReadMemory at 0x740c0000 of 64 bytes failed: Only part of a ReadProcessMemory or WriteProcessMemory request was completed. (0x12B)
[0623/130535:WARNING:pe_image_reader.cc(280)] could not read dos header from C:\windows\system32\IPHLPAPI.DLL
[0623/130535:ERROR:process_reader_win.cc(232)] ReadMemory at 0x74d80000 of 64 bytes failed: Only part of a ReadProcessMemory or WriteProcessMemory request was completed. (0x12B)
[0623/130535:WARNING:pe_image_reader.cc(280)] could not read dos header from C:\windows\syswow64\WS2_32.dll
[0623/130535:ERROR:process_reader_win.cc(232)] ReadMemory at 0x75140000 of 64 bytes failed: Only part of a ReadProcessMemory or WriteProcessMemory request was completed. (0x12B)
[0623/130535:WARNING:pe_image_reader.cc(280)] could not read dos header from C:\windows\syswow64\MSASN1.dll
[0623/130535:ERROR:process_reader_win.cc(232)] ReadMemory at 0x75150000 of 64 bytes failed: Only part of a ReadProcessMemory or WriteProcessMemory request was completed. (0x12B)
[0623/130535:WARNING:pe_image_reader.cc(280)] could not read dos header from C:\windows\syswow64\CRYPT32.dll
[0623/130535:ERROR:process_reader_win.cc(232)] ReadMemory at 0x71520000 of 64 bytes failed: Only part of a ReadProcessMemory or WriteProcessMemory request was completed. (0x12B)
[0623/130535:WARNING:pe_image_reader.cc(280)] could not read dos header from C:\windows\system32\Secur32.dll
[0623/130535:ERROR:process_reader_win.cc(232)] ReadMemory at 0xf8b0000 of 64 bytes failed: Only part of a ReadProcessMemory or WriteProcessMemory request was completed. (0x12B)
[0623/130535:WARNING:pe_image_reader.cc(280)] could not read dos header from C:\Program Files (x86)\Google\Chrome\Application\51.0.2704.103\chrome_child.dll
[0623/130535:ERROR:process_reader_win.cc(232)] ReadMemory at 0x64180000 of 64 bytes failed: Only part of a ReadProcessMemory or WriteProcessMemory request was completed. (0x12B)
[0623/130535:WARNING:pe_image_reader.cc(280)] could not read dos header from C:\windows\system32\dwrite.dll
[0623/130535:ERROR:process_reader_win.cc(98)] process 12492 not found
[0623/130535:ERROR:process_reader_win.cc(232)] ReadMemory at 0x140000 of 64 bytes failed: Only part of a ReadProcessMemory or WriteProcessMemory request was completed. (0x12B)
[0623/130535:WARNING:pe_image_reader.cc(280)] could not read dos header from C:\Program Files (x86)\Google\Chrome\Application\chrome.exe
[0623/130535:ERROR:process_reader_win.cc(232)] ReadMemory at 0x77220000 of 64 bytes failed: Only part of a ReadProcessMemory or WriteProcessMemory request was completed. (0x12B)
[0623/130535:WARNING:pe_image_reader.cc(280)] could not read dos header from C:\windows\SysWOW64\ntdll.dll
[0623/130535:ERROR:process_reader_win.cc(232)] ReadMemory at 0x750c0000 of 64 bytes failed: Only part of a ReadProcessMemory or WriteProcessMemory request was completed. (0x12B)
[0623/130535:WARNING:pe_image_reader.cc(280)] could not read dos header from C:\windows\syswow64\KERNELBASE.dll
[0623/130535:ERROR:process_reader_win.cc(232)] ReadMemory at 0x75900000 of 64 bytes failed: Only part of a ReadProcessMemory or WriteProcessMemory request was completed. (0x12B)
[0623/130535:WARNING:pe_image_reader.cc(280)] could not read dos header from C:\windows\syswow64\kernel32.dll
[0623/130535:ERROR:process_reader_win.cc(232)] ReadMemory at 0x75a10000 of 64 bytes failed: Only part of a ReadProcessMemory or WriteProcessMemory request was completed. (0x12B)
[0623/130535:WARNING:pe_image_reader.cc(280)] could not read dos header from C:\windows\syswow64\msvcrt.dll
[0623/130535:ERROR:process_reader_win.cc(232)] ReadMemory at 0x74b60000 of 64 bytes failed: Only part of a ReadProcessMemory or WriteProcessMemory request was completed. (0x12B)
[0623/130535:WARNING:pe_image_reader.cc(280)] could not read dos header from C:\windows\syswow64\CRYPTBASE.dll
[0623/130535:ERROR:process_reader_win.cc(232)] ReadMemory at 0x74b70000 of 64 bytes failed: Only part of a ReadProcessMemory or WriteProcessMemory request was completed. (0x12B)
[0623/130535:WARNING:pe_image_reader.cc(280)] could not read dos header from C:\windows\syswow64\SspiCli.dll
[0623/130535:ERROR:process_reader_win.cc(232)] ReadMemory at 0x76870000 of 64 bytes failed: Only part of a ReadProcessMemory or WriteProcessMemory request was completed. (0x12B)
[0623/130535:WARNING:pe_image_reader.cc(280)] could not read dos header from C:\windows\syswow64\RPCRT4.dll
[0623/130535:ERROR:process_reader_win.cc(232)] ReadMemory at 0x74dd0000 of 64 bytes failed: Only part of a ReadProcessMemory or WriteProcessMemory request was completed. (0x12B)
[0623/130535:WARNING:pe_image_reader.cc(280)] could not read dos header from C:\windows\SysWOW64\sechost.dll
[0623/130535:ERROR:process_reader_win.cc(232)] ReadMemory at 0x75010000 of 64 bytes failed: Only part of a ReadProcessMemory or WriteProcessMemory request was completed. (0x12B)
[0623/130535:WARNING:pe_image_reader.cc(280)] could not read dos header from C:\windows\syswow64\ADVAPI32.dll
[0623/130535:ERROR:process_reader_win.cc(232)] ReadMemory at 0x1370000 of 64 bytes failed: Only part of a ReadProcessMemory or WriteProcessMemory request was completed. (0x12B)
[0623/130535:WARNING:pe_image_reader.cc(280)] could not read dos header from C:\Program Files (x86)\Google\Chrome\Application\51.0.2704.103\chrome_elf.dll
[0623/130535:ERROR:process_reader_win.cc(232)] ReadMemory at 0x74a90000 of 64 bytes failed: Only part of a ReadProcessMemory or WriteProcessMemory request was completed. (0x12B)
[0623/130535:WARNING:pe_image_reader.cc(280)] could not read dos header from C:\windows\system32\VERSION.dll
[0623/130535:ERROR:process_reader_win.cc(232)] ReadMemory at 0x76c90000 of 64 bytes failed: Only part of a ReadProcessMemory or WriteProcessMemory request was completed. (0x12B)
[0623/130535:WARNING:pe_image_reader.cc(280)] could not read dos header from C:\windows\syswow64\USP10.dll
[0623/130535:ERROR:process_reader_win.cc(232)] ReadMemory at 0x74dc0000 of 64 bytes failed: Only part of a ReadProcessMemory or WriteProcessMemory request was completed. (0x12B)
[0623/130535:WARNING:pe_image_reader.cc(280)] could not read dos header from C:\windows\syswow64\LPK.dll
[0623/130535:ERROR:process_reader_win.cc(232)] ReadMemory at 0x75680000 of 64 bytes failed: Only part of a ReadProcessMemory or WriteProcessMemory request was completed. (0x12B)
[0623/130535:WARNING:pe_image_reader.cc(280)] could not read dos header from C:\windows\syswow64\GDI32.dll
[0623/130535:ERROR:process_reader_win.cc(232)] ReadMemory at 0x76970000 of 64 bytes failed: Only part of a ReadProcessMemory or WriteProcessMemory request was completed. (0x12B)
[0623/130535:WARNING:pe_image_reader.cc(280)] could not read dos header from C:\windows\syswow64\USER32.dll
[0623/130535:ERROR:process_reader_win.cc(232)] ReadMemory at 0x70850000 of 64 bytes failed: Only part of a ReadProcessMemory or WriteProcessMemory request was completed. (0x12B)
[0623/130535:WARNING:pe_image_reader.cc(280)] could not read dos header from C:\windows\system32\WINMM.dll
[0623/130535:ERROR:process_reader_win.cc(232)] ReadMemory at 0x75360000 of 64 bytes failed: Only part of a ReadProcessMemory or WriteProcessMemory request was completed. (0x12B)
[0623/130535:WARNING:pe_image_reader.cc(280)] could not read dos header from C:\windows\syswow64\profapi.dll
[0623/130535:ERROR:process_reader_win.cc(232)] ReadMemory at 0x74df0000 of 64 bytes failed: Only part of a ReadProcessMemory or WriteProcessMemory request was completed. (0x12B)
[0623/130535:WARNING:pe_image_reader.cc(280)] could not read dos header from C:\windows\syswow64\USERENV.dll
[0623/130535:ERROR:process_reader_win.cc(232)] ReadMemory at 0x717d0000 of 64 bytes failed: Only part of a ReadProcessMemory or WriteProcessMemory request was completed. (0x12B)
[0623/130535:WARNING:pe_image_reader.cc(280)] could not read dos header from C:\windows\system32\WTSAPI32.dll
[0623/130535:ERROR:process_reader_win.cc(232)] ReadMemory at 0x707a0000 of 64 bytes failed: Only part of a ReadProcessMemory or WriteProcessMemory request was completed. (0x12B)
[0623/130535:WARNING:pe_image_reader.cc(280)] could not read dos header from C:\windows\system32\webio.dll
[0623/130535:ERROR:process_reader_win.cc(232)] ReadMemory at 0x707f0000 of 64 bytes failed: Only part of a ReadProcessMemory or WriteProcessMemory request was completed. (0x12B)
[0623/130535:WARNING:pe_image_reader.cc(280)] could not read dos header from C:\windows\system32\WINHTTP.dll
[0623/130535:ERROR:process_reader_win.cc(232)] ReadMemory at 0x70770000 of 64 bytes failed: Only part of a ReadProcessMemory or WriteProcessMemory request was completed. (0x12B)
[0623/130535:WARNING:pe_image_reader.cc(280)] could not read dos header from C:\windows\system32\api-ms-win-core-synch-l1-2-0.DLL
[0623/130535:ERROR:process_reader_win.cc(232)] ReadMemory at 0x755b0000 of 64 bytes failed: Only part of a ReadProcessMemory or WriteProcessMemory request was completed. (0x12B)
[0623/130535:WARNING:pe_image_reader.cc(280)] could not read dos header from C:\windows\syswow64\MSCTF.dll
[0623/130535:ERROR:process_reader_win.cc(232)] ReadMemory at 0x76d30000 of 64 bytes failed: Only part of a ReadProcessMemory or WriteProcessMemory request was completed. (0x12B)
[0623/130535:WARNING:pe_image_reader.cc(280)] could not read dos header from C:\windows\system32\IMM32.DLL
[0623/130535:ERROR:process_reader_win.cc(232)] ReadMemory at 0x74a00000 of 64 bytes failed: Only part of a ReadProcessMemory or WriteProcessMemory request was completed. (0x12B)
[0623/130535:WARNING:pe_image_reader.cc(280)] could not read dos header from C:\windows\SysWOW64\nvinit.dll
[0623/130535:ERROR:process_reader_win.cc(232)] ReadMemory at 0xf000000 of 64 bytes failed: Only part of a ReadProcessMemory or WriteProcessMemory request was completed. (0x12B)
[0623/130535:WARNING:pe_image_reader.cc(280)] could not read dos header from C:\Program Files (x86)\NVIDIA Corporation\CoProcManager\detoured.dll
[0623/130535:ERROR:process_reader_win.cc(232)] ReadMemory at 0x75310000 of 64 bytes failed: Only part of a ReadProcessMemory or WriteProcessMemory request was completed. (0x12B)
[0623/130535:WARNING:pe_image_reader.cc(280)] could not read dos header from C:\windows\syswow64\CFGMGR32.dll
[0623/130535:ERROR:process_reader_win.cc(232)] ReadMemory at 0x75710000 of 64 bytes failed: Only part of a ReadProcessMemory or WriteProcessMemory request was completed. (0x12B)
[0623/130535:WARNING:pe_image_reader.cc(280)] could not read dos header from C:\windows\syswow64\ole32.dll
[0623/130535:ERROR:process_reader_win.cc(232)] ReadMemory at 0x767d0000 of 64 bytes failed: Only part of a ReadProcessMemory or WriteProcessMemory request was completed. (0x12B)
[0623/130535:WARNING:pe_image_reader.cc(280)] could not read dos header from C:\windows\syswow64\OLEAUT32.dll
[0623/130535:ERROR:process_reader_win.cc(232)] ReadMemory at 0x75340000 of 64 bytes failed: Only part of a ReadProcessMemory or WriteProcessMemory request was completed. (0x12B)
[0623/130535:WARNING:pe_image_reader.cc(280)] could not read dos header from C:\windows\syswow64\DEVOBJ.dll
[0623/130535:ERROR:process_reader_win.cc(232)] ReadMemory at 0x74e70000 of 64 bytes failed: Only part of a ReadProcessMemory or WriteProcessMemory request was completed. (0x12B)
[0623/130535:WARNING:pe_image_reader.cc(280)] could not read dos header from C:\windows\syswow64\SETUPAPI.dll
[0623/130535:ERROR:process_reader_win.cc(232)] ReadMemory at 0x6e4a0000 of 64 bytes failed: Only part of a ReadProcessMemory or WriteProcessMemory request was completed. (0x12B)
[0623/130535:WARNING:pe_image_reader.cc(280)] could not read dos header from C:\Program Files (x86)\NVIDIA Corporation\CoProcManager\nvd3d9wrap.dll
[0623/130535:ERROR:process_reader_win.cc(232)] ReadMemory at 0x6e5f0000 of 64 bytes failed: Only part of a ReadProcessMemory or WriteProcessMemory request was completed. (0x12B)
[0623/130535:WARNING:pe_image_reader.cc(280)] could not read dos header from C:\Program Files (x86)\NVIDIA Corporation\CoProcManager\nvdxgiwrap.dll
[0623/130535:ERROR:process_reader_win.cc(232)] ReadMemory at 0x74d20000 of 64 bytes failed: Only part of a ReadProcessMemory or WriteProcessMemory request was completed. (0x12B)
[0623/130535:WARNING:pe_image_reader.cc(280)] could not read dos header from C:\windows\syswow64\SHLWAPI.dll
[0623/130535:ERROR:process_reader_win.cc(232)] ReadMemory at 0x75ad0000 of 64 bytes failed: Only part of a ReadProcessMemory or WriteProcessMemory request was completed. (0x12B)
[0623/130535:WARNING:pe_image_reader.cc(280)] could not read dos header from C:\windows\syswow64\SHELL32.dll
[0623/130535:ERROR:process_reader_win.cc(232)] ReadMemory at 0x771f0000 of 64 bytes failed: Only part of a ReadProcessMemory or WriteProcessMemory request was completed. (0x12B)
[0623/130535:WARNING:pe_image_reader.cc(280)] could not read dos header from C:\windows\syswow64\PSAPI.DLL
[0623/130535:ERROR:process_reader_win.cc(232)] ReadMemory at 0x74a30000 of 64 bytes failed: Only part of a ReadProcessMemory or WriteProcessMemory request was completed. (0x12B)
[0623/130535:WARNING:pe_image_reader.cc(280)] could not read dos header from C:\windows\system32\WINSPOOL.DRV
[0623/130535:ERROR:process_reader_win.cc(232)] ReadMemory at 0x712d0000 of 64 bytes failed: Only part of a ReadProcessMemory or WriteProcessMemory request was completed. (0x12B)
[0623/130535:WARNING:pe_image_reader.cc(280)] could not read dos header from C:\windows\WinSxS\x86_microsoft.windows.common-controls_6595b64144ccf1df_6.0.7601.18837_none_41e855142bd5705d\COMCTL32.dll
[0623/130535:ERROR:process_reader_win.cc(232)] ReadMemory at 0x76750000 of 64 bytes failed: Only part of a ReadProcessMemory or WriteProcessMemory request was completed. (0x12B)
[0623/130535:WARNING:pe_image_reader.cc(280)] could not read dos header from C:\windows\syswow64\COMDLG32.dll
[0623/130535:ERROR:process_reader_win.cc(232)] ReadMemory at 0x76730000 of 64 bytes failed: Only part of a ReadProcessMemory or WriteProcessMemory request was completed. (0x12B)
[0623/130535:WARNING:pe_image_reader.cc(280)] could not read dos header from C:\windows\syswow64\NSI.dll
[0623/130535:ERROR:process_reader_win.cc(232)] ReadMemory at 0x740b0000 of 64 bytes failed: Only part of a ReadProcessMemory or WriteProcessMemory request was completed. (0x12B)
[0623/130535:WARNING:pe_image_reader.cc(280)] could not read dos header from C:\windows\system32\WINNSI.DLL
[0623/130535:ERROR:process_reader_win.cc(232)] ReadMemory at 0x740c0000 of 64 bytes failed: Only part of a ReadProcessMemory or WriteProcessMemory request was completed. (0x12B)
[0623/130535:WARNING:pe_image_reader.cc(280)] could not read dos header from C:\windows\system32\IPHLPAPI.DLL
[0623/130535:ERROR:process_reader_win.cc(232)] ReadMemory at 0x74d80000 of 64 bytes failed: Only part of a ReadProcessMemory or WriteProcessMemory request was completed. (0x12B)
[0623/130535:WARNING:pe_image_reader.cc(280)] could not read dos header from C:\windows\syswow64\WS2_32.dll
[0623/130535:ERROR:process_reader_win.cc(232)] ReadMemory at 0x75140000 of 64 bytes failed: Only part of a ReadProcessMemory or WriteProcessMemory request was completed. (0x12B)
[0623/130535:WARNING:pe_image_reader.cc(280)] could not read dos header from C:\windows\syswow64\MSASN1.dll
[0623/130535:ERROR:process_reader_win.cc(232)] ReadMemory at 0x75150000 of 64 bytes failed: Only part of a ReadProcessMemory or WriteProcessMemory request was completed. (0x12B)
[0623/130535:WARNING:pe_image_reader.cc(280)] could not read dos header from C:\windows\syswow64\CRYPT32.dll
[0623/130535:ERROR:process_reader_win.cc(232)] ReadMemory at 0x76df0000 of 64 bytes failed: Only part of a ReadProcessMemory or WriteProcessMemory request was completed. (0x12B)
[0623/130535:WARNING:pe_image_reader.cc(280)] could not read dos header from C:\windows\syswow64\WINTRUST.dll
[0623/130535:ERROR:process_reader_win.cc(232)] ReadMemory at 0x71520000 of 64 bytes failed: Only part of a ReadProcessMemory or WriteProcessMemory request was completed. (0x12B)
[0623/130535:WARNING:pe_image_reader.cc(280)] could not read dos header from C:\windows\system32\Secur32.dll
[0623/130535:ERROR:process_reader_win.cc(232)] ReadMemory at 0xf8b0000 of 64 bytes failed: Only part of a ReadProcessMemory or WriteProcessMemory request was completed. (0x12B)
[0623/130535:WARNING:pe_image_reader.cc(280)] could not read dos header from C:\Program Files (x86)\Google\Chrome\Application\51.0.2704.103\chrome_child.dll
[0623/130535:ERROR:process_reader_win.cc(232)] ReadMemory at 0x64180000 of 64 bytes failed: Only part of a ReadProcessMemory or WriteProcessMemory request was completed. (0x12B)
[0623/130535:WARNING:pe_image_reader.cc(280)] could not read dos header from C:\windows\system32\dwrite.dll
[0623/130535:ERROR:process_reader_win.cc(232)] ReadMemory at 0x1fc374 of 12 bytes failed: Only part of a ReadProcessMemory or WriteProcessMemory request was completed. (0x12B)
[0623/130535:WARNING:process_snapshot_win.cc(102)] ReadMemory ExceptionInformation failed
[0623/130535:WARNING:crash_report_exception_handler.cc(60)] ProcessSnapshotWin::InitializeException failed
[0623/130535:ERROR:scoped_process_suspend.cc(38)] NtResumeProcess, ntstatus=-1073741558
